<?xml version="1.0" encoding="UTF-8"?>
<!-- Generated by org.testng.reporters.JUnitXMLReporter -->
<testsuite ignored="0" hostname="Subhadip" failures="3" tests="6" name="MasterTest" time="55.783" errors="0" timestamp="2024-12-23T15:21:50 IST">
  <testcase classname="testCases.TC004_LoginDataDrivenTest" name="validate_login" time="12.347">
    <failure type="java.lang.AssertionError" message="expected [true] but found [false]">
      <![CDATA[java.lang.AssertionError: expected [true] but found [false]
at testCases.TC004_LoginDataDrivenTest.validate_login(TC004_LoginDataDrivenTest.java:62)
at java.base/java.util.ArrayList.forEach(ArrayList.java:1597)
... Removed 29 stack frames]]>
    </failure>
  </testcase> <!-- validate_login -->
  <testcase classname="testCases.TC004_LoginDataDrivenTest" name="validate_login" time="3.325">
    <failure type="java.lang.AssertionError" message="expected [true] but found [false]">
      <![CDATA[java.lang.AssertionError: expected [true] but found [false]
at testCases.TC004_LoginDataDrivenTest.validate_login(TC004_LoginDataDrivenTest.java:78)
at java.base/java.util.ArrayList.forEach(ArrayList.java:1597)
... Removed 29 stack frames]]>
    </failure>
  </testcase> <!-- validate_login -->
  <testcase classname="testCases.TC004_LoginDataDrivenTest" name="validate_login" time="3.115">
    <failure type="java.lang.AssertionError" message="expected [true] but found [false]">
      <![CDATA[java.lang.AssertionError: expected [true] but found [false]
at testCases.TC004_LoginDataDrivenTest.validate_login(TC004_LoginDataDrivenTest.java:78)
at java.base/java.util.ArrayList.forEach(ArrayList.java:1597)
... Removed 29 stack frames]]>
    </failure>
  </testcase> <!-- validate_login -->
  <testcase classname="testCases.TC004_LoginDataDrivenTest" name="validate_login" time="11.723"/>
  <testcase classname="testCases.TC004_LoginDataDrivenTest" name="validate_login" time="3.392"/>
  <testcase classname="testCases.TC004_LoginDataDrivenTest" name="validate_login" time="12.385"/>
</testsuite> <!-- MasterTest -->
