<?xml version="1.0" encoding="UTF-8"?>
<!-- Generated by org.testng.reporters.JUnitXMLReporter -->
<testsuite ignored="0" hostname="Subhadip" failures="0" tests="4" name="TestModule1" time="0.058" errors="0" timestamp="2024-12-18T11:05:31 IST">
  <testcase classname="DependencyMethods.C1_BeforeAfterTest" name="@BeforeTest bt" time="0.007">
    <failure type="java.lang.AssertionError" message="expected [true] but found [false]">
      <![CDATA[java.lang.AssertionError: expected [true] but found [false]
at DependencyMethods.C1_BeforeAfterTest.bt(C1_BeforeAfterTest.java:12)
... Removed 26 stack frames]]>
    </failure>
  </testcase> <!-- @BeforeTest bt -->
  <testcase classname="DependencyMethods.C2_BeforeAfterTest" name="@AfterTest at" time="-1.734500131567E9">
    <skipped/>
  </testcase> <!-- @AfterTest at -->
  <testcase classname="DependencyMethods.C1_BeforeAfterTest" name="login" time="0.0">
    <skipped/>
  </testcase> <!-- login -->
  <testcase classname="DependencyMethods.C1_BeforeAfterTest" name="logout" time="0.0">
    <skipped/>
  </testcase> <!-- logout -->
  <testcase classname="DependencyMethods.C2_BeforeAfterTest" name="login" time="0.0">
    <skipped/>
  </testcase> <!-- login -->
  <testcase classname="DependencyMethods.C2_BeforeAfterTest" name="logout" time="0.0">
    <skipped/>
  </testcase> <!-- logout -->
</testsuite> <!-- TestModule1 -->
