<?xml version="1.0" encoding="UTF-8"?>
<!-- Generated by org.testng.reporters.JUnitXMLReporter -->
<testsuite ignored="0" hostname="Subhadip" failures="7" tests="8" name="ChromeTest" time="91.297" errors="0" timestamp="2024-12-19T20:56:01 IST">
  <testcase classname="DataDrivenAndParallelExecutionCombo.LoginFeature" name="testCredential" time="11.496">
    <failure type="java.lang.AssertionError" message="null">
      <![CDATA[java.lang.AssertionError: null
at DataDrivenAndParallelExecutionCombo.LoginFeature.testCredential(LoginFeature.java:77)
at java.base/java.util.ArrayList.forEach(ArrayList.java:1597)
... Removed 27 stack frames]]>
    </failure>
  </testcase> <!-- testCredential -->
  <testcase classname="DataDrivenAndParallelExecutionCombo.LoginFeature" name="testCredential" time="11.599">
    <failure type="java.lang.AssertionError" message="null">
      <![CDATA[java.lang.AssertionError: null
at DataDrivenAndParallelExecutionCombo.LoginFeature.testCredential(LoginFeature.java:77)
at java.base/java.util.ArrayList.forEach(ArrayList.java:1597)
... Removed 27 stack frames]]>
    </failure>
  </testcase> <!-- testCredential -->
  <testcase classname="DataDrivenAndParallelExecutionCombo.LoginFeature" name="testCredential" time="11.557">
    <failure type="java.lang.AssertionError" message="null">
      <![CDATA[java.lang.AssertionError: null
at DataDrivenAndParallelExecutionCombo.LoginFeature.testCredential(LoginFeature.java:77)
at java.base/java.util.ArrayList.forEach(ArrayList.java:1597)
... Removed 27 stack frames]]>
    </failure>
  </testcase> <!-- testCredential -->
  <testcase classname="DataDrivenAndParallelExecutionCombo.LoginFeature" name="testCredential" time="11.509">
    <failure type="java.lang.AssertionError" message="null">
      <![CDATA[java.lang.AssertionError: null
at DataDrivenAndParallelExecutionCombo.LoginFeature.testCredential(LoginFeature.java:77)
at java.base/java.util.ArrayList.forEach(ArrayList.java:1597)
... Removed 27 stack frames]]>
    </failure>
  </testcase> <!-- testCredential -->
  <testcase classname="DataDrivenAndParallelExecutionCombo.LoginFeature" name="testCredential" time="5.535"/>
  <testcase classname="DataDrivenAndParallelExecutionCombo.LoginFeature" name="testCredential" time="11.278">
    <failure type="java.lang.AssertionError" message="null">
      <![CDATA[java.lang.AssertionError: null
at DataDrivenAndParallelExecutionCombo.LoginFeature.testCredential(LoginFeature.java:77)
at java.base/java.util.ArrayList.forEach(ArrayList.java:1597)
... Removed 27 stack frames]]>
    </failure>
  </testcase> <!-- testCredential -->
  <testcase classname="DataDrivenAndParallelExecutionCombo.LoginFeature" name="testCredential" time="11.711">
    <failure type="java.lang.AssertionError" message="null">
      <![CDATA[java.lang.AssertionError: null
at DataDrivenAndParallelExecutionCombo.LoginFeature.testCredential(LoginFeature.java:77)
at java.base/java.util.ArrayList.forEach(ArrayList.java:1597)
... Removed 27 stack frames]]>
    </failure>
  </testcase> <!-- testCredential -->
  <testcase classname="DataDrivenAndParallelExecutionCombo.LoginFeature" name="testCredential" time="11.67">
    <failure type="java.lang.AssertionError" message="null">
      <![CDATA[java.lang.AssertionError: null
at DataDrivenAndParallelExecutionCombo.LoginFeature.testCredential(LoginFeature.java:77)
at java.base/java.util.ArrayList.forEach(ArrayList.java:1597)
... Removed 27 stack frames]]>
    </failure>
  </testcase> <!-- testCredential -->
</testsuite> <!-- ChromeTest -->
